[0.096s] Invoking command in '/mnt/c/Users/minou/Downloads/DRL_robot_navigation_ros2/DRL_robot_navigation_ros2/build/td3': CMAKE_PREFIX_PATH=/opt/ros/humble /usr/bin/cmake --build /mnt/c/Users/minou/Downloads/DRL_robot_navigation_ros2/DRL_robot_navigation_ros2/build/td3 -- -j20 -l20
[0.167s] Invoked command in '/mnt/c/Users/minou/Downloads/DRL_robot_navigation_ros2/DRL_robot_navigation_ros2/build/td3' returned '0': CMAKE_PREFIX_PATH=/opt/ros/humble /usr/bin/cmake --build /mnt/c/Users/minou/Downloads/DRL_robot_navigation_ros2/DRL_robot_navigation_ros2/build/td3 -- -j20 -l20
[0.226s] Invoking command in '/mnt/c/Users/minou/Downloads/DRL_robot_navigation_ros2/DRL_robot_navigation_ros2/build/td3': CMAKE_PREFIX_PATH=/opt/ros/humble /usr/bin/cmake --install /mnt/c/Users/minou/Downloads/DRL_robot_navigation_ros2/DRL_robot_navigation_ros2/build/td3
[0.227s] -- Install configuration: ""
[0.228s] -- Installing: /mnt/c/Users/minou/Downloads/DRL_robot_navigation_ros2/DRL_robot_navigation_ros2/install/td3/share/td3//launch
[0.238s] -- Installing: /mnt/c/Users/minou/Downloads/DRL_robot_navigation_ros2/DRL_robot_navigation_ros2/install/td3/share/td3//launch/multi_robot_scenario.launch.py
[0.299s] -- Installing: /mnt/c/Users/minou/Downloads/DRL_robot_navigation_ros2/DRL_robot_navigation_ros2/install/td3/share/td3//launch/pioneer3dx.rviz
[0.383s] -- Installing: /mnt/c/Users/minou/Downloads/DRL_robot_navigation_ros2/DRL_robot_navigation_ros2/install/td3/share/td3//launch/robot_state_publisher.launch.py
[0.425s] -- Installing: /mnt/c/Users/minou/Downloads/DRL_robot_navigation_ros2/DRL_robot_navigation_ros2/install/td3/share/td3//launch/test_simulation.launch.py
[0.483s] -- Installing: /mnt/c/Users/minou/Downloads/DRL_robot_navigation_ros2/DRL_robot_navigation_ros2/install/td3/share/td3//launch/training_simulation.launch.py
[0.535s] -- Installing: /mnt/c/Users/minou/Downloads/DRL_robot_navigation_ros2/DRL_robot_navigation_ros2/install/td3/share/td3//models
[0.557s] -- Installing: /mnt/c/Users/minou/Downloads/DRL_robot_navigation_ros2/DRL_robot_navigation_ros2/install/td3/share/td3//models/td_robot
[0.587s] -- Installing: /mnt/c/Users/minou/Downloads/DRL_robot_navigation_ros2/DRL_robot_navigation_ros2/install/td3/share/td3//models/td_robot/meshes
[0.623s] -- Installing: /mnt/c/Users/minou/Downloads/DRL_robot_navigation_ros2/DRL_robot_navigation_ros2/install/td3/share/td3//models/td_robot/meshes/laser
[0.670s] -- Installing: /mnt/c/Users/minou/Downloads/DRL_robot_navigation_ros2/DRL_robot_navigation_ros2/install/td3/share/td3//models/td_robot/meshes/laser/hokuyo.dae
[0.766s] -- Installing: /mnt/c/Users/minou/Downloads/DRL_robot_navigation_ros2/DRL_robot_navigation_ros2/install/td3/share/td3//models/td_robot/meshes/p3dx
[0.813s] -- Installing: /mnt/c/Users/minou/Downloads/DRL_robot_navigation_ros2/DRL_robot_navigation_ros2/install/td3/share/td3//models/td_robot/meshes/p3dx/back_rim.stl
[0.963s] -- Installing: /mnt/c/Users/minou/Downloads/DRL_robot_navigation_ros2/DRL_robot_navigation_ros2/install/td3/share/td3//models/td_robot/meshes/p3dx/back_sonar.stl
[1.046s] -- Installing: /mnt/c/Users/minou/Downloads/DRL_robot_navigation_ros2/DRL_robot_navigation_ros2/install/td3/share/td3//models/td_robot/meshes/p3dx/center_hubcap.stl
[1.125s] -- Installing: /mnt/c/Users/minou/Downloads/DRL_robot_navigation_ros2/DRL_robot_navigation_ros2/install/td3/share/td3//models/td_robot/meshes/p3dx/center_wheel.stl
[1.250s] -- Installing: /mnt/c/Users/minou/Downloads/DRL_robot_navigation_ros2/DRL_robot_navigation_ros2/install/td3/share/td3//models/td_robot/meshes/p3dx/chassis.stl
[1.317s] -- Installing: /mnt/c/Users/minou/Downloads/DRL_robot_navigation_ros2/DRL_robot_navigation_ros2/install/td3/share/td3//models/td_robot/meshes/p3dx/Coordinates
[1.381s] -- Installing: /mnt/c/Users/minou/Downloads/DRL_robot_navigation_ros2/DRL_robot_navigation_ros2/install/td3/share/td3//models/td_robot/meshes/p3dx/front_rim.stl
[1.500s] -- Installing: /mnt/c/Users/minou/Downloads/DRL_robot_navigation_ros2/DRL_robot_navigation_ros2/install/td3/share/td3//models/td_robot/meshes/p3dx/front_sonar.stl
[1.567s] -- Installing: /mnt/c/Users/minou/Downloads/DRL_robot_navigation_ros2/DRL_robot_navigation_ros2/install/td3/share/td3//models/td_robot/meshes/p3dx/left_hubcap.stl
[1.652s] -- Installing: /mnt/c/Users/minou/Downloads/DRL_robot_navigation_ros2/DRL_robot_navigation_ros2/install/td3/share/td3//models/td_robot/meshes/p3dx/left_wheel.stl
[1.766s] -- Installing: /mnt/c/Users/minou/Downloads/DRL_robot_navigation_ros2/DRL_robot_navigation_ros2/install/td3/share/td3//models/td_robot/meshes/p3dx/right_hubcap.stl
[1.829s] -- Installing: /mnt/c/Users/minou/Downloads/DRL_robot_navigation_ros2/DRL_robot_navigation_ros2/install/td3/share/td3//models/td_robot/meshes/p3dx/right_wheel.stl
[1.887s] -- Installing: /mnt/c/Users/minou/Downloads/DRL_robot_navigation_ros2/DRL_robot_navigation_ros2/install/td3/share/td3//models/td_robot/meshes/p3dx/swivel.stl
[1.943s] -- Installing: /mnt/c/Users/minou/Downloads/DRL_robot_navigation_ros2/DRL_robot_navigation_ros2/install/td3/share/td3//models/td_robot/meshes/p3dx/top.stl
[2.026s] -- Installing: /mnt/c/Users/minou/Downloads/DRL_robot_navigation_ros2/DRL_robot_navigation_ros2/install/td3/share/td3//models/td_robot/model.config
[2.098s] -- Installing: /mnt/c/Users/minou/Downloads/DRL_robot_navigation_ros2/DRL_robot_navigation_ros2/install/td3/share/td3//models/td_robot/td_robot.sdf
[2.143s] -- Installing: /mnt/c/Users/minou/Downloads/DRL_robot_navigation_ros2/DRL_robot_navigation_ros2/install/td3/share/td3//models/td_robot/velodyne_description
[2.173s] -- Installing: /mnt/c/Users/minou/Downloads/DRL_robot_navigation_ros2/DRL_robot_navigation_ros2/install/td3/share/td3//models/td_robot/velodyne_description/CHANGELOG.rst
[2.256s] -- Installing: /mnt/c/Users/minou/Downloads/DRL_robot_navigation_ros2/DRL_robot_navigation_ros2/install/td3/share/td3//models/td_robot/velodyne_description/CMakeLists.txt
[2.325s] -- Installing: /mnt/c/Users/minou/Downloads/DRL_robot_navigation_ros2/DRL_robot_navigation_ros2/install/td3/share/td3//models/td_robot/velodyne_description/launch
[2.434s] -- Installing: /mnt/c/Users/minou/Downloads/DRL_robot_navigation_ros2/DRL_robot_navigation_ros2/install/td3/share/td3//models/td_robot/velodyne_description/launch/example-launch.py
[2.493s] -- Installing: /mnt/c/Users/minou/Downloads/DRL_robot_navigation_ros2/DRL_robot_navigation_ros2/install/td3/share/td3//models/td_robot/velodyne_description/meshes
[2.564s] -- Installing: /mnt/c/Users/minou/Downloads/DRL_robot_navigation_ros2/DRL_robot_navigation_ros2/install/td3/share/td3//models/td_robot/velodyne_description/meshes/HDL32E_base.dae
[2.642s] -- Installing: /mnt/c/Users/minou/Downloads/DRL_robot_navigation_ros2/DRL_robot_navigation_ros2/install/td3/share/td3//models/td_robot/velodyne_description/meshes/HDL32E_base.stl
[2.710s] -- Installing: /mnt/c/Users/minou/Downloads/DRL_robot_navigation_ros2/DRL_robot_navigation_ros2/install/td3/share/td3//models/td_robot/velodyne_description/meshes/HDL32E_scan.dae
[2.791s] -- Installing: /mnt/c/Users/minou/Downloads/DRL_robot_navigation_ros2/DRL_robot_navigation_ros2/install/td3/share/td3//models/td_robot/velodyne_description/meshes/HDL32E_scan.stl
[2.893s] -- Installing: /mnt/c/Users/minou/Downloads/DRL_robot_navigation_ros2/DRL_robot_navigation_ros2/install/td3/share/td3//models/td_robot/velodyne_description/meshes/VLP16_base_1.dae
[3.044s] -- Installing: /mnt/c/Users/minou/Downloads/DRL_robot_navigation_ros2/DRL_robot_navigation_ros2/install/td3/share/td3//models/td_robot/velodyne_description/meshes/VLP16_base_1.stl
[3.223s] -- Installing: /mnt/c/Users/minou/Downloads/DRL_robot_navigation_ros2/DRL_robot_navigation_ros2/install/td3/share/td3//models/td_robot/velodyne_description/meshes/VLP16_base_2.dae
[3.295s] -- Installing: /mnt/c/Users/minou/Downloads/DRL_robot_navigation_ros2/DRL_robot_navigation_ros2/install/td3/share/td3//models/td_robot/velodyne_description/meshes/VLP16_base_2.stl
[3.364s] -- Installing: /mnt/c/Users/minou/Downloads/DRL_robot_navigation_ros2/DRL_robot_navigation_ros2/install/td3/share/td3//models/td_robot/velodyne_description/meshes/VLP16_scan.dae
[3.421s] -- Installing: /mnt/c/Users/minou/Downloads/DRL_robot_navigation_ros2/DRL_robot_navigation_ros2/install/td3/share/td3//models/td_robot/velodyne_description/meshes/VLP16_scan.stl
[3.502s] -- Installing: /mnt/c/Users/minou/Downloads/DRL_robot_navigation_ros2/DRL_robot_navigation_ros2/install/td3/share/td3//models/td_robot/velodyne_description/models
[3.557s] -- Installing: /mnt/c/Users/minou/Downloads/DRL_robot_navigation_ros2/DRL_robot_navigation_ros2/install/td3/share/td3//models/td_robot/velodyne_description/models/rs_robot
[3.592s] -- Installing: /mnt/c/Users/minou/Downloads/DRL_robot_navigation_ros2/DRL_robot_navigation_ros2/install/td3/share/td3//models/td_robot/velodyne_description/models/rs_robot/meshes
[3.653s] -- Installing: /mnt/c/Users/minou/Downloads/DRL_robot_navigation_ros2/DRL_robot_navigation_ros2/install/td3/share/td3//models/td_robot/velodyne_description/models/rs_robot/meshes/DAE
[3.687s] -- Installing: /mnt/c/Users/minou/Downloads/DRL_robot_navigation_ros2/DRL_robot_navigation_ros2/install/td3/share/td3//models/td_robot/velodyne_description/models/rs_robot/meshes/DAE/base
[3.731s] -- Installing: /mnt/c/Users/minou/Downloads/DRL_robot_navigation_ros2/DRL_robot_navigation_ros2/install/td3/share/td3//models/td_robot/velodyne_description/models/rs_robot/meshes/DAE/base/base_link.dae
[4.184s] -- Installing: /mnt/c/Users/minou/Downloads/DRL_robot_navigation_ros2/DRL_robot_navigation_ros2/install/td3/share/td3//models/td_robot/velodyne_description/models/rs_robot/meshes/DAE/base/base_linkOLD.dae
[4.640s] -- Installing: /mnt/c/Users/minou/Downloads/DRL_robot_navigation_ros2/DRL_robot_navigation_ros2/install/td3/share/td3//models/td_robot/velodyne_description/models/rs_robot/meshes/DAE/lidar_base
[4.723s] -- Installing: /mnt/c/Users/minou/Downloads/DRL_robot_navigation_ros2/DRL_robot_navigation_ros2/install/td3/share/td3//models/td_robot/velodyne_description/models/rs_robot/meshes/DAE/lidar_base/YDlidar_base.dae
[4.835s] -- Installing: /mnt/c/Users/minou/Downloads/DRL_robot_navigation_ros2/DRL_robot_navigation_ros2/install/td3/share/td3//models/td_robot/velodyne_description/models/rs_robot/meshes/DAE/lidar_head
[4.886s] -- Installing: /mnt/c/Users/minou/Downloads/DRL_robot_navigation_ros2/DRL_robot_navigation_ros2/install/td3/share/td3//models/td_robot/velodyne_description/models/rs_robot/meshes/DAE/lidar_head/YDlidar_head.dae
[4.971s] -- Installing: /mnt/c/Users/minou/Downloads/DRL_robot_navigation_ros2/DRL_robot_navigation_ros2/install/td3/share/td3//models/td_robot/velodyne_description/models/rs_robot/meshes/DAE/sensors
[5.028s] -- Installing: /mnt/c/Users/minou/Downloads/DRL_robot_navigation_ros2/DRL_robot_navigation_ros2/install/td3/share/td3//models/td_robot/velodyne_description/models/rs_robot/meshes/DAE/sensors/camera
[5.115s] -- Installing: /mnt/c/Users/minou/Downloads/DRL_robot_navigation_ros2/DRL_robot_navigation_ros2/install/td3/share/td3//models/td_robot/velodyne_description/models/rs_robot/meshes/DAE/sensors/camera/camera.dae
[5.224s] -- Installing: /mnt/c/Users/minou/Downloads/DRL_robot_navigation_ros2/DRL_robot_navigation_ros2/install/td3/share/td3//models/td_robot/velodyne_description/models/rs_robot/meshes/DAE/sensors/front_lrf
[5.282s] -- Installing: /mnt/c/Users/minou/Downloads/DRL_robot_navigation_ros2/DRL_robot_navigation_ros2/install/td3/share/td3//models/td_robot/velodyne_description/models/rs_robot/meshes/DAE/sensors/front_lrf/front_lrf.dae
[6.035s] -- Installing: /mnt/c/Users/minou/Downloads/DRL_robot_navigation_ros2/DRL_robot_navigation_ros2/install/td3/share/td3//models/td_robot/velodyne_description/models/rs_robot/meshes/DAE/sensors/front_lrf/lrf_texture.png
[6.163s] -- Installing: /mnt/c/Users/minou/Downloads/DRL_robot_navigation_ros2/DRL_robot_navigation_ros2/install/td3/share/td3//models/td_robot/velodyne_description/models/rs_robot/meshes/DAE/sensors/gim30
[6.213s] -- Installing: /mnt/c/Users/minou/Downloads/DRL_robot_navigation_ros2/DRL_robot_navigation_ros2/install/td3/share/td3//models/td_robot/velodyne_description/models/rs_robot/meshes/DAE/sensors/gim30/gim30.dae
[7.172s] -- Installing: /mnt/c/Users/minou/Downloads/DRL_robot_navigation_ros2/DRL_robot_navigation_ros2/install/td3/share/td3//models/td_robot/velodyne_description/models/rs_robot/meshes/DAE/sensors/gim30/gim30_lrf_texture.png
[7.257s] -- Installing: /mnt/c/Users/minou/Downloads/DRL_robot_navigation_ros2/DRL_robot_navigation_ros2/install/td3/share/td3//models/td_robot/velodyne_description/models/rs_robot/meshes/DAE/sensors/gps
[7.307s] -- Installing: /mnt/c/Users/minou/Downloads/DRL_robot_navigation_ros2/DRL_robot_navigation_ros2/install/td3/share/td3//models/td_robot/velodyne_description/models/rs_robot/meshes/DAE/sensors/gps/gps.dae
[7.608s] -- Installing: /mnt/c/Users/minou/Downloads/DRL_robot_navigation_ros2/DRL_robot_navigation_ros2/install/td3/share/td3//models/td_robot/velodyne_description/models/rs_robot/meshes/DAE/sensors/gps/gps_texture.png
[7.709s] -- Installing: /mnt/c/Users/minou/Downloads/DRL_robot_navigation_ros2/DRL_robot_navigation_ros2/install/td3/share/td3//models/td_robot/velodyne_description/models/rs_robot/meshes/DAE/sensors/rear_lrf
[7.769s] -- Installing: /mnt/c/Users/minou/Downloads/DRL_robot_navigation_ros2/DRL_robot_navigation_ros2/install/td3/share/td3//models/td_robot/velodyne_description/models/rs_robot/meshes/DAE/sensors/rear_lrf/rear_lrf.dae
[7.941s] -- Installing: /mnt/c/Users/minou/Downloads/DRL_robot_navigation_ros2/DRL_robot_navigation_ros2/install/td3/share/td3//models/td_robot/velodyne_description/models/rs_robot/meshes/DAE/sensors/rear_lrf/urg_texture.png
[8.040s] -- Installing: /mnt/c/Users/minou/Downloads/DRL_robot_navigation_ros2/DRL_robot_navigation_ros2/install/td3/share/td3//models/td_robot/velodyne_description/models/rs_robot/meshes/DAE/suspension
[8.117s] -- Installing: /mnt/c/Users/minou/Downloads/DRL_robot_navigation_ros2/DRL_robot_navigation_ros2/install/td3/share/td3//models/td_robot/velodyne_description/models/rs_robot/meshes/DAE/suspension/front_left_link.dae
[8.316s] -- Installing: /mnt/c/Users/minou/Downloads/DRL_robot_navigation_ros2/DRL_robot_navigation_ros2/install/td3/share/td3//models/td_robot/velodyne_description/models/rs_robot/meshes/DAE/suspension/front_right_link.dae
[8.505s] -- Installing: /mnt/c/Users/minou/Downloads/DRL_robot_navigation_ros2/DRL_robot_navigation_ros2/install/td3/share/td3//models/td_robot/velodyne_description/models/rs_robot/meshes/DAE/suspension/rear_left_link.dae
[8.703s] -- Installing: /mnt/c/Users/minou/Downloads/DRL_robot_navigation_ros2/DRL_robot_navigation_ros2/install/td3/share/td3//models/td_robot/velodyne_description/models/rs_robot/meshes/DAE/suspension/rear_right_link.dae
[8.900s] -- Installing: /mnt/c/Users/minou/Downloads/DRL_robot_navigation_ros2/DRL_robot_navigation_ros2/install/td3/share/td3//models/td_robot/velodyne_description/models/rs_robot/meshes/DAE/wheel
[8.956s] -- Installing: /mnt/c/Users/minou/Downloads/DRL_robot_navigation_ros2/DRL_robot_navigation_ros2/install/td3/share/td3//models/td_robot/velodyne_description/models/rs_robot/meshes/DAE/wheel/wheel_link.dae
[9.082s] -- Installing: /mnt/c/Users/minou/Downloads/DRL_robot_navigation_ros2/DRL_robot_navigation_ros2/install/td3/share/td3//models/td_robot/velodyne_description/models/rs_robot/meshes/STL
[9.160s] -- Installing: /mnt/c/Users/minou/Downloads/DRL_robot_navigation_ros2/DRL_robot_navigation_ros2/install/td3/share/td3//models/td_robot/velodyne_description/models/rs_robot/meshes/STL/base
[9.231s] -- Installing: /mnt/c/Users/minou/Downloads/DRL_robot_navigation_ros2/DRL_robot_navigation_ros2/install/td3/share/td3//models/td_robot/velodyne_description/models/rs_robot/meshes/STL/base/base_link.stl
[9.321s] -- Installing: /mnt/c/Users/minou/Downloads/DRL_robot_navigation_ros2/DRL_robot_navigation_ros2/install/td3/share/td3//models/td_robot/velodyne_description/models/rs_robot/meshes/STL/base/base_link_old.stl
[9.439s] -- Installing: /mnt/c/Users/minou/Downloads/DRL_robot_navigation_ros2/DRL_robot_navigation_ros2/install/td3/share/td3//models/td_robot/velodyne_description/models/rs_robot/meshes/STL/lidar_base
[9.496s] -- Installing: /mnt/c/Users/minou/Downloads/DRL_robot_navigation_ros2/DRL_robot_navigation_ros2/install/td3/share/td3//models/td_robot/velodyne_description/models/rs_robot/meshes/STL/lidar_base/YDlidar_base.stl
[9.601s] -- Installing: /mnt/c/Users/minou/Downloads/DRL_robot_navigation_ros2/DRL_robot_navigation_ros2/install/td3/share/td3//models/td_robot/velodyne_description/models/rs_robot/meshes/STL/lidar_head
[9.655s] -- Installing: /mnt/c/Users/minou/Downloads/DRL_robot_navigation_ros2/DRL_robot_navigation_ros2/install/td3/share/td3//models/td_robot/velodyne_description/models/rs_robot/meshes/STL/lidar_head/YDlidar_head v4.stl
[9.746s] -- Installing: /mnt/c/Users/minou/Downloads/DRL_robot_navigation_ros2/DRL_robot_navigation_ros2/install/td3/share/td3//models/td_robot/velodyne_description/models/rs_robot/meshes/STL/sensors
[9.791s] -- Installing: /mnt/c/Users/minou/Downloads/DRL_robot_navigation_ros2/DRL_robot_navigation_ros2/install/td3/share/td3//models/td_robot/velodyne_description/models/rs_robot/meshes/STL/sensors/camera
[9.840s] -- Installing: /mnt/c/Users/minou/Downloads/DRL_robot_navigation_ros2/DRL_robot_navigation_ros2/install/td3/share/td3//models/td_robot/velodyne_description/models/rs_robot/meshes/STL/sensors/front_lrf
[9.894s] -- Installing: /mnt/c/Users/minou/Downloads/DRL_robot_navigation_ros2/DRL_robot_navigation_ros2/install/td3/share/td3//models/td_robot/velodyne_description/models/rs_robot/meshes/STL/sensors/front_lrf/front_lrf.stl
[10.336s] -- Installing: /mnt/c/Users/minou/Downloads/DRL_robot_navigation_ros2/DRL_robot_navigation_ros2/install/td3/share/td3//models/td_robot/velodyne_description/models/rs_robot/meshes/STL/sensors/gim30
[10.396s] -- Installing: /mnt/c/Users/minou/Downloads/DRL_robot_navigation_ros2/DRL_robot_navigation_ros2/install/td3/share/td3//models/td_robot/velodyne_description/models/rs_robot/meshes/STL/sensors/gim30/gim30.stl
[10.839s] -- Installing: /mnt/c/Users/minou/Downloads/DRL_robot_navigation_ros2/DRL_robot_navigation_ros2/install/td3/share/td3//models/td_robot/velodyne_description/models/rs_robot/meshes/STL/sensors/gps
[10.907s] -- Installing: /mnt/c/Users/minou/Downloads/DRL_robot_navigation_ros2/DRL_robot_navigation_ros2/install/td3/share/td3//models/td_robot/velodyne_description/models/rs_robot/meshes/STL/sensors/gps/gps.stl
[11.064s] -- Installing: /mnt/c/Users/minou/Downloads/DRL_robot_navigation_ros2/DRL_robot_navigation_ros2/install/td3/share/td3//models/td_robot/velodyne_description/models/rs_robot/meshes/STL/sensors/rear_lrf
[11.114s] -- Installing: /mnt/c/Users/minou/Downloads/DRL_robot_navigation_ros2/DRL_robot_navigation_ros2/install/td3/share/td3//models/td_robot/velodyne_description/models/rs_robot/meshes/STL/sensors/rear_lrf/rear_lrf.stl
[11.270s] -- Installing: /mnt/c/Users/minou/Downloads/DRL_robot_navigation_ros2/DRL_robot_navigation_ros2/install/td3/share/td3//models/td_robot/velodyne_description/models/rs_robot/meshes/STL/suspension
[11.389s] -- Installing: /mnt/c/Users/minou/Downloads/DRL_robot_navigation_ros2/DRL_robot_navigation_ros2/install/td3/share/td3//models/td_robot/velodyne_description/models/rs_robot/meshes/STL/suspension/FRONT_LEFT_LINKSTL.stl
[11.486s] -- Installing: /mnt/c/Users/minou/Downloads/DRL_robot_navigation_ros2/DRL_robot_navigation_ros2/install/td3/share/td3//models/td_robot/velodyne_description/models/rs_robot/meshes/STL/suspension/FRONT_RIGHT_LINKSTL.stl
[11.585s] -- Installing: /mnt/c/Users/minou/Downloads/DRL_robot_navigation_ros2/DRL_robot_navigation_ros2/install/td3/share/td3//models/td_robot/velodyne_description/models/rs_robot/meshes/STL/suspension/REAR_LEFT_LINKSTL.stl
[11.681s] -- Installing: /mnt/c/Users/minou/Downloads/DRL_robot_navigation_ros2/DRL_robot_navigation_ros2/install/td3/share/td3//models/td_robot/velodyne_description/models/rs_robot/meshes/STL/suspension/REAR_RIGHT_LINKSTL.stl
[11.983s] -- Installing: /mnt/c/Users/minou/Downloads/DRL_robot_navigation_ros2/DRL_robot_navigation_ros2/install/td3/share/td3//models/td_robot/velodyne_description/models/rs_robot/meshes/STL/suspension/sus_link.stl
[12.058s] -- Installing: /mnt/c/Users/minou/Downloads/DRL_robot_navigation_ros2/DRL_robot_navigation_ros2/install/td3/share/td3//models/td_robot/velodyne_description/models/rs_robot/meshes/STL/wheel
[12.117s] -- Installing: /mnt/c/Users/minou/Downloads/DRL_robot_navigation_ros2/DRL_robot_navigation_ros2/install/td3/share/td3//models/td_robot/velodyne_description/models/rs_robot/meshes/STL/wheel/robot_wheel.stl
[12.251s] -- Installing: /mnt/c/Users/minou/Downloads/DRL_robot_navigation_ros2/DRL_robot_navigation_ros2/install/td3/share/td3//models/td_robot/velodyne_description/models/rs_robot/model.config
[12.313s] -- Installing: /mnt/c/Users/minou/Downloads/DRL_robot_navigation_ros2/DRL_robot_navigation_ros2/install/td3/share/td3//models/td_robot/velodyne_description/models/rs_robot/rs_robot.sdf
[12.389s] -- Installing: /mnt/c/Users/minou/Downloads/DRL_robot_navigation_ros2/DRL_robot_navigation_ros2/install/td3/share/td3//models/td_robot/velodyne_description/package.xml
[12.457s] -- Installing: /mnt/c/Users/minou/Downloads/DRL_robot_navigation_ros2/DRL_robot_navigation_ros2/install/td3/share/td3//models/td_robot/velodyne_description/rviz
[12.530s] -- Installing: /mnt/c/Users/minou/Downloads/DRL_robot_navigation_ros2/DRL_robot_navigation_ros2/install/td3/share/td3//models/td_robot/velodyne_description/rviz/example.rviz
[12.595s] -- Installing: /mnt/c/Users/minou/Downloads/DRL_robot_navigation_ros2/DRL_robot_navigation_ros2/install/td3/share/td3//models/td_robot/velodyne_description/urdf
[12.631s] -- Installing: /mnt/c/Users/minou/Downloads/DRL_robot_navigation_ros2/DRL_robot_navigation_ros2/install/td3/share/td3//models/td_robot/velodyne_description/urdf/example.urdf.xacro
[12.702s] -- Installing: /mnt/c/Users/minou/Downloads/DRL_robot_navigation_ros2/DRL_robot_navigation_ros2/install/td3/share/td3//models/td_robot/velodyne_description/urdf/HDL-32E.urdf.xacro
[12.765s] -- Installing: /mnt/c/Users/minou/Downloads/DRL_robot_navigation_ros2/DRL_robot_navigation_ros2/install/td3/share/td3//models/td_robot/velodyne_description/urdf/VLP-16.urdf.xacro
[12.886s] -- Installing: /mnt/c/Users/minou/Downloads/DRL_robot_navigation_ros2/DRL_robot_navigation_ros2/install/td3/share/td3//models/td_robot/velodyne_description/urdf/VLP-32C.urdf.xacro
[12.943s] -- Installing: /mnt/c/Users/minou/Downloads/DRL_robot_navigation_ros2/DRL_robot_navigation_ros2/install/td3/share/td3//models/td_robot/velodyne_description/world
[12.983s] -- Installing: /mnt/c/Users/minou/Downloads/DRL_robot_navigation_ros2/DRL_robot_navigation_ros2/install/td3/share/td3//models/td_robot/velodyne_description/world/example.world
[13.048s] -- Installing: /mnt/c/Users/minou/Downloads/DRL_robot_navigation_ros2/DRL_robot_navigation_ros2/install/td3/share/td3//models/td_robot/velodyne_description/world/lio_sam.model
[13.099s] -- Installing: /mnt/c/Users/minou/Downloads/DRL_robot_navigation_ros2/DRL_robot_navigation_ros2/install/td3/share/td3//scripts
[13.134s] -- Installing: /mnt/c/Users/minou/Downloads/DRL_robot_navigation_ros2/DRL_robot_navigation_ros2/install/td3/share/td3//scripts/point_cloud2.py
[13.218s] -- Installing: /mnt/c/Users/minou/Downloads/DRL_robot_navigation_ros2/DRL_robot_navigation_ros2/install/td3/share/td3//scripts/pytorch_models
[13.254s] -- Installing: /mnt/c/Users/minou/Downloads/DRL_robot_navigation_ros2/DRL_robot_navigation_ros2/install/td3/share/td3//scripts/pytorch_models/td3_velodyne_actor.pth
[13.452s] -- Installing: /mnt/c/Users/minou/Downloads/DRL_robot_navigation_ros2/DRL_robot_navigation_ros2/install/td3/share/td3//scripts/pytorch_models/td3_velodyne_critic.pth
[13.638s] -- Installing: /mnt/c/Users/minou/Downloads/DRL_robot_navigation_ros2/DRL_robot_navigation_ros2/install/td3/share/td3//scripts/replay_buffer.py
[13.683s] -- Installing: /mnt/c/Users/minou/Downloads/DRL_robot_navigation_ros2/DRL_robot_navigation_ros2/install/td3/share/td3//scripts/results
[13.705s] -- Installing: /mnt/c/Users/minou/Downloads/DRL_robot_navigation_ros2/DRL_robot_navigation_ros2/install/td3/share/td3//scripts/results/TD3_velodyne.npy
[13.764s] -- Installing: /mnt/c/Users/minou/Downloads/DRL_robot_navigation_ros2/DRL_robot_navigation_ros2/install/td3/share/td3//scripts/runs
[13.788s] -- Installing: /mnt/c/Users/minou/Downloads/DRL_robot_navigation_ros2/DRL_robot_navigation_ros2/install/td3/share/td3//scripts/runs/events.out.tfevents.1680403580.robotmania-MINIPC-PA90.28181.0
[13.843s] -- Installing: /mnt/c/Users/minou/Downloads/DRL_robot_navigation_ros2/DRL_robot_navigation_ros2/install/td3/share/td3//scripts/runs/events.out.tfevents.1680403642.robotmania-MINIPC-PA90.28717.0
[13.916s] -- Installing: /mnt/c/Users/minou/Downloads/DRL_robot_navigation_ros2/DRL_robot_navigation_ros2/install/td3/share/td3//scripts/test_velodyne_node.py
[13.964s] -- Installing: /mnt/c/Users/minou/Downloads/DRL_robot_navigation_ros2/DRL_robot_navigation_ros2/install/td3/share/td3//scripts/train_velodyne_node.py
[14.001s] -- Installing: /mnt/c/Users/minou/Downloads/DRL_robot_navigation_ros2/DRL_robot_navigation_ros2/install/td3/share/td3//urdf
[14.015s] -- Installing: /mnt/c/Users/minou/Downloads/DRL_robot_navigation_ros2/DRL_robot_navigation_ros2/install/td3/share/td3//urdf/meshes
[14.039s] -- Installing: /mnt/c/Users/minou/Downloads/DRL_robot_navigation_ros2/DRL_robot_navigation_ros2/install/td3/share/td3//urdf/meshes/laser
[14.066s] -- Installing: /mnt/c/Users/minou/Downloads/DRL_robot_navigation_ros2/DRL_robot_navigation_ros2/install/td3/share/td3//urdf/meshes/laser/hokuyo.dae
[14.122s] -- Installing: /mnt/c/Users/minou/Downloads/DRL_robot_navigation_ros2/DRL_robot_navigation_ros2/install/td3/share/td3//urdf/meshes/p3dx
[14.177s] -- Installing: /mnt/c/Users/minou/Downloads/DRL_robot_navigation_ros2/DRL_robot_navigation_ros2/install/td3/share/td3//urdf/meshes/p3dx/back_rim.stl
[14.344s] -- Installing: /mnt/c/Users/minou/Downloads/DRL_robot_navigation_ros2/DRL_robot_navigation_ros2/install/td3/share/td3//urdf/meshes/p3dx/back_sonar.stl
[14.394s] -- Installing: /mnt/c/Users/minou/Downloads/DRL_robot_navigation_ros2/DRL_robot_navigation_ros2/install/td3/share/td3//urdf/meshes/p3dx/center_hubcap.stl
[14.453s] -- Installing: /mnt/c/Users/minou/Downloads/DRL_robot_navigation_ros2/DRL_robot_navigation_ros2/install/td3/share/td3//urdf/meshes/p3dx/center_wheel.stl
[14.515s] -- Installing: /mnt/c/Users/minou/Downloads/DRL_robot_navigation_ros2/DRL_robot_navigation_ros2/install/td3/share/td3//urdf/meshes/p3dx/chassis.stl
[14.571s] -- Installing: /mnt/c/Users/minou/Downloads/DRL_robot_navigation_ros2/DRL_robot_navigation_ros2/install/td3/share/td3//urdf/meshes/p3dx/Coordinates
[14.626s] -- Installing: /mnt/c/Users/minou/Downloads/DRL_robot_navigation_ros2/DRL_robot_navigation_ros2/install/td3/share/td3//urdf/meshes/p3dx/front_rim.stl
[14.742s] -- Installing: /mnt/c/Users/minou/Downloads/DRL_robot_navigation_ros2/DRL_robot_navigation_ros2/install/td3/share/td3//urdf/meshes/p3dx/front_sonar.stl
[14.793s] -- Installing: /mnt/c/Users/minou/Downloads/DRL_robot_navigation_ros2/DRL_robot_navigation_ros2/install/td3/share/td3//urdf/meshes/p3dx/left_hubcap.stl
[14.875s] -- Installing: /mnt/c/Users/minou/Downloads/DRL_robot_navigation_ros2/DRL_robot_navigation_ros2/install/td3/share/td3//urdf/meshes/p3dx/left_wheel.stl
[14.930s] -- Installing: /mnt/c/Users/minou/Downloads/DRL_robot_navigation_ros2/DRL_robot_navigation_ros2/install/td3/share/td3//urdf/meshes/p3dx/right_hubcap.stl
[15.030s] -- Installing: /mnt/c/Users/minou/Downloads/DRL_robot_navigation_ros2/DRL_robot_navigation_ros2/install/td3/share/td3//urdf/meshes/p3dx/right_wheel.stl
[15.094s] -- Installing: /mnt/c/Users/minou/Downloads/DRL_robot_navigation_ros2/DRL_robot_navigation_ros2/install/td3/share/td3//urdf/meshes/p3dx/swivel.stl
[15.150s] -- Installing: /mnt/c/Users/minou/Downloads/DRL_robot_navigation_ros2/DRL_robot_navigation_ros2/install/td3/share/td3//urdf/meshes/p3dx/top.stl
[15.219s] -- Installing: /mnt/c/Users/minou/Downloads/DRL_robot_navigation_ros2/DRL_robot_navigation_ros2/install/td3/share/td3//urdf/td_robot.urdf
[15.292s] -- Installing: /mnt/c/Users/minou/Downloads/DRL_robot_navigation_ros2/DRL_robot_navigation_ros2/install/td3/share/td3//worlds
[15.307s] -- Installing: /mnt/c/Users/minou/Downloads/DRL_robot_navigation_ros2/DRL_robot_navigation_ros2/install/td3/share/td3//worlds/td3.world
[15.351s] -- Installing: /mnt/c/Users/minou/Downloads/DRL_robot_navigation_ros2/DRL_robot_navigation_ros2/install/td3/lib/td3/replay_buffer.py
[15.385s] -- Installing: /mnt/c/Users/minou/Downloads/DRL_robot_navigation_ros2/DRL_robot_navigation_ros2/install/td3/lib/td3/test_velodyne_node.py
[15.419s] -- Installing: /mnt/c/Users/minou/Downloads/DRL_robot_navigation_ros2/DRL_robot_navigation_ros2/install/td3/lib/td3/train_velodyne_node.py
[15.454s] -- Installing: /mnt/c/Users/minou/Downloads/DRL_robot_navigation_ros2/DRL_robot_navigation_ros2/install/td3/lib/td3/point_cloud2.py
[15.551s] -- Installing: /mnt/c/Users/minou/Downloads/DRL_robot_navigation_ros2/DRL_robot_navigation_ros2/install/td3/lib/td3/multi_robot_scenario.launch.py
[15.591s] -- Installing: /mnt/c/Users/minou/Downloads/DRL_robot_navigation_ros2/DRL_robot_navigation_ros2/install/td3/lib/td3/robot_state_publisher.launch.py
[15.631s] -- Installing: /mnt/c/Users/minou/Downloads/DRL_robot_navigation_ros2/DRL_robot_navigation_ros2/install/td3/lib/td3/training_simulation.launch.py
[15.696s] -- Installing: /mnt/c/Users/minou/Downloads/DRL_robot_navigation_ros2/DRL_robot_navigation_ros2/install/td3/lib/td3/test_simulation.launch.py
[15.744s] -- Installing: /mnt/c/Users/minou/Downloads/DRL_robot_navigation_ros2/DRL_robot_navigation_ros2/install/td3/lib/td3/pioneer3dx.rviz
[15.803s] -- Installing: /mnt/c/Users/minou/Downloads/DRL_robot_navigation_ros2/DRL_robot_navigation_ros2/install/td3/share/ament_index/resource_index/package_run_dependencies/td3
[15.876s] -- Installing: /mnt/c/Users/minou/Downloads/DRL_robot_navigation_ros2/DRL_robot_navigation_ros2/install/td3/share/ament_index/resource_index/parent_prefix_path/td3
[15.935s] -- Installing: /mnt/c/Users/minou/Downloads/DRL_robot_navigation_ros2/DRL_robot_navigation_ros2/install/td3/share/td3/environment/ament_prefix_path.sh
[15.976s] -- Installing: /mnt/c/Users/minou/Downloads/DRL_robot_navigation_ros2/DRL_robot_navigation_ros2/install/td3/share/td3/environment/ament_prefix_path.dsv
[16.019s] -- Installing: /mnt/c/Users/minou/Downloads/DRL_robot_navigation_ros2/DRL_robot_navigation_ros2/install/td3/share/td3/environment/path.sh
[16.094s] -- Installing: /mnt/c/Users/minou/Downloads/DRL_robot_navigation_ros2/DRL_robot_navigation_ros2/install/td3/share/td3/environment/path.dsv
[16.133s] -- Installing: /mnt/c/Users/minou/Downloads/DRL_robot_navigation_ros2/DRL_robot_navigation_ros2/install/td3/share/td3/local_setup.bash
[16.167s] -- Installing: /mnt/c/Users/minou/Downloads/DRL_robot_navigation_ros2/DRL_robot_navigation_ros2/install/td3/share/td3/local_setup.sh
[16.198s] -- Installing: /mnt/c/Users/minou/Downloads/DRL_robot_navigation_ros2/DRL_robot_navigation_ros2/install/td3/share/td3/local_setup.zsh
[16.238s] -- Installing: /mnt/c/Users/minou/Downloads/DRL_robot_navigation_ros2/DRL_robot_navigation_ros2/install/td3/share/td3/local_setup.dsv
[16.283s] -- Installing: /mnt/c/Users/minou/Downloads/DRL_robot_navigation_ros2/DRL_robot_navigation_ros2/install/td3/share/td3/package.dsv
[16.366s] -- Installing: /mnt/c/Users/minou/Downloads/DRL_robot_navigation_ros2/DRL_robot_navigation_ros2/install/td3/share/ament_index/resource_index/packages/td3
[16.424s] -- Installing: /mnt/c/Users/minou/Downloads/DRL_robot_navigation_ros2/DRL_robot_navigation_ros2/install/td3/share/td3/cmake/td3Config.cmake
[16.467s] -- Installing: /mnt/c/Users/minou/Downloads/DRL_robot_navigation_ros2/DRL_robot_navigation_ros2/install/td3/share/td3/cmake/td3Config-version.cmake
[16.513s] -- Installing: /mnt/c/Users/minou/Downloads/DRL_robot_navigation_ros2/DRL_robot_navigation_ros2/install/td3/share/td3/package.xml
