[0.084s] Invoking command in '/mnt/c/Users/minou/Downloads/DRL_robot_navigation_ros2/DRL_robot_navigation_ros2/build/velodyne_description': CMAKE_PREFIX_PATH=/opt/ros/humble /usr/bin/cmake /mnt/c/Users/minou/Downloads/DRL_robot_navigation_ros2/DRL_robot_navigation_ros2/src/velodyne_simulator/velodyne_description -DCMAKE_INSTALL_PREFIX=/mnt/c/Users/minou/Downloads/DRL_robot_navigation_ros2/DRL_robot_navigation_ros2/install/velodyne_description
[0.504s] -- The C compiler identification is GNU 11.4.0
[1.191s] -- The CXX compiler identification is GNU 11.4.0
[1.539s] -- Detecting C compiler ABI info
[2.081s] -- Detecting C compiler ABI info - done
[2.100s] -- Check for working C compiler: /usr/bin/cc - skipped
[2.108s] -- Detecting C compile features
[2.109s] -- Detecting C compile features - done
[2.166s] -- Detecting CXX compiler ABI info
[2.714s] -- Detecting CXX compiler ABI info - done
[2.740s] -- Check for working CXX compiler: /usr/bin/c++ - skipped
[2.741s] -- Detecting CXX compile features
[2.743s] -- Detecting CXX compile features - done
[2.798s] -- Found ament_cmake: 1.3.8 (/opt/ros/humble/share/ament_cmake/cmake)
[2.914s] -- Found Python3: /usr/bin/python3 (found version "3.10.12") found components: Interpreter 
[3.652s] [31mCMake Error at CMakeLists.txt:5 (find_package):
[3.653s]   By not providing "Findgazebo.cmake" in CMAKE_MODULE_PATH this project has
[3.654s]   asked CMake to find a package configuration file provided by "gazebo", but
[3.655s]   CMake did not find one.
[3.656s] 
[3.656s]   Could not find a package configuration file provided by "gazebo" with any
[3.657s]   of the following names:
[3.659s] 
[3.660s]     gazeboConfig.cmake
[3.661s]     gazebo-config.cmake
[3.661s] 
[3.663s]   Add the installation prefix of "gazebo" to CMAKE_PREFIX_PATH or set
[3.663s]   "gazebo_DIR" to a directory containing one of the above files.  If "gazebo"
[3.664s]   provides a separate development package or SDK, be sure it has been
[3.665s]   installed.
[3.666s] 
[3.670s] [0m
[3.683s] -- Configuring incomplete, errors occurred!
[3.686s] See also "/mnt/c/Users/minou/Downloads/DRL_robot_navigation_ros2/DRL_robot_navigation_ros2/build/velodyne_description/CMakeFiles/CMakeOutput.log".
[3.688s] Invoked command in '/mnt/c/Users/minou/Downloads/DRL_robot_navigation_ros2/DRL_robot_navigation_ros2/build/velodyne_description' returned '1': CMAKE_PREFIX_PATH=/opt/ros/humble /usr/bin/cmake /mnt/c/Users/minou/Downloads/DRL_robot_navigation_ros2/DRL_robot_navigation_ros2/src/velodyne_simulator/velodyne_description -DCMAKE_INSTALL_PREFIX=/mnt/c/Users/minou/Downloads/DRL_robot_navigation_ros2/DRL_robot_navigation_ros2/install/velodyne_description
