[0.064s] Invoking command in '/mnt/c/Users/minou/Downloads/DRL_robot_navigation_ros2/DRL_robot_navigation_ros2/build/velodyne_description': CMAKE_PREFIX_PATH=/opt/ros/humble /usr/bin/cmake /mnt/c/Users/minou/Downloads/DRL_robot_navigation_ros2/DRL_robot_navigation_ros2/src/velodyne_simulator/velodyne_description -DCMAKE_INSTALL_PREFIX=/mnt/c/Users/minou/Downloads/DRL_robot_navigation_ros2/DRL_robot_navigation_ros2/install/velodyne_description
[0.114s] -- Found ament_cmake: 1.3.8 (/opt/ros/humble/share/ament_cmake/cmake)
[0.919s] [31mCMake Error at CMakeLists.txt:5 (find_package):
[0.920s]   By not providing "Findgazebo.cmake" in CMAKE_MODULE_PATH this project has
[0.921s]   asked CMake to find a package configuration file provided by "gazebo", but
[0.921s]   CMake did not find one.
[0.922s] 
[0.923s]   Could not find a package configuration file provided by "gazebo" with any
[0.924s]   of the following names:
[0.925s] 
[0.926s]     gazeboConfig.cmake
[0.927s]     gazebo-config.cmake
[0.928s] 
[0.929s]   Add the installation prefix of "gazebo" to CMAKE_PREFIX_PATH or set
[0.930s]   "gazebo_DIR" to a directory containing one of the above files.  If "gazebo"
[0.931s]   provides a separate development package or SDK, be sure it has been
[0.931s]   installed.
[0.932s] 
[0.933s] [0m
[0.933s] -- Configuring incomplete, errors occurred!
[0.934s] See also "/mnt/c/Users/minou/Downloads/DRL_robot_navigation_ros2/DRL_robot_navigation_ros2/build/velodyne_description/CMakeFiles/CMakeOutput.log".
