[0.080s] Invoking command in '/mnt/c/Users/minou/Downloads/DRL_robot_navigation_ros2/DRL_robot_navigation_ros2/build/velodyne_gazebo_plugins': CMAKE_PREFIX_PATH=/opt/ros/humble /usr/bin/cmake /mnt/c/Users/minou/Downloads/DRL_robot_navigation_ros2/DRL_robot_navigation_ros2/src/velodyne_simulator/velodyne_gazebo_plugins -DCMAKE_INSTALL_PREFIX=/mnt/c/Users/minou/Downloads/DRL_robot_navigation_ros2/DRL_robot_navigation_ros2/install/velodyne_gazebo_plugins
[0.128s] -- Found ament_cmake: 1.3.8 (/opt/ros/humble/share/ament_cmake/cmake)
[0.873s] [31mCMake Error at CMakeLists.txt:14 (find_package):
[0.874s]   By not providing "Findgazebo_dev.cmake" in CMAKE_MODULE_PATH this project
[0.875s]   has asked CMake to find a package configuration file provided by
[0.902s]   "gazebo_dev", but CMake did not find one.
[0.903s] 
[0.904s]   Could not find a package configuration file provided by "gazebo_dev" with
[0.905s]   any of the following names:
[0.906s] 
[0.906s]     gazebo_devConfig.cmake
[0.908s]     gazebo_dev-config.cmake
[0.909s] 
[0.910s]   Add the installation prefix of "gazebo_dev" to CMAKE_PREFIX_PATH or set
[0.911s]   "gazebo_dev_DIR" to a directory containing one of the above files.  If
[0.912s]   "gazebo_dev" provides a separate development package or SDK, be sure it has
[0.913s]   been installed.
[0.913s] 
[0.914s] [0m
[0.915s] -- Configuring incomplete, errors occurred!
[0.917s] See also "/mnt/c/Users/minou/Downloads/DRL_robot_navigation_ros2/DRL_robot_navigation_ros2/build/velodyne_gazebo_plugins/CMakeFiles/CMakeOutput.log".
[0.918s] Invoked command in '/mnt/c/Users/minou/Downloads/DRL_robot_navigation_ros2/DRL_robot_navigation_ros2/build/velodyne_gazebo_plugins' returned '1': CMAKE_PREFIX_PATH=/opt/ros/humble /usr/bin/cmake /mnt/c/Users/minou/Downloads/DRL_robot_navigation_ros2/DRL_robot_navigation_ros2/src/velodyne_simulator/velodyne_gazebo_plugins -DCMAKE_INSTALL_PREFIX=/mnt/c/Users/minou/Downloads/DRL_robot_navigation_ros2/DRL_robot_navigation_ros2/install/velodyne_gazebo_plugins
